[0.138s] Invoking command in '/home/zzw/ws01_plumbing/build/cpp03_action': AMENT_PREFIX_PATH=/home/zzw/ws01_plumbing/install/base_interfaces_demo:${AMENT_PREFIX_PATH} CMAKE_PREFIX_PATH=/home/zzw/ws01_plumbing/install/base_interfaces_demo:/opt/ros/humble LD_LIBRARY_PATH=/home/zzw/ws01_plumbing/install/base_interfaces_demo/lib:${LD_LIBRARY_PATH} PYTHONPATH=/home/zzw/ws01_plumbing/install/base_interfaces_demo/local/lib/python3.10/dist-packages:${PYTHONPATH} /usr/bin/cmake /home/zzw/ws01_plumbing/src/cpp03_action -DCMAKE_INSTALL_PREFIX=/home/zzw/ws01_plumbing/install/cpp03_action
[7.303s] -- The C compiler identification is GNU 11.3.0
[7.304s] -- The CXX compiler identification is GNU 11.3.0
[7.305s] -- Detecting C compiler ABI info
[7.305s] -- Detecting C compiler ABI info - done
[7.305s] -- Check for working C compiler: /usr/bin/cc - skipped
[7.305s] -- Detecting C compile features
[7.306s] -- Detecting C compile features - done
[7.306s] -- Detecting CXX compiler ABI info
[7.306s] -- Detecting CXX compiler ABI info - done
[7.306s] -- Check for working CXX compiler: /usr/bin/c++ - skipped
[7.307s] -- Detecting CXX compile features
[7.307s] -- Detecting CXX compile features - done
[7.307s] -- Found ament_cmake: 1.3.2 (/opt/ros/humble/share/ament_cmake/cmake)
[7.307s] -- Found Python3: /usr/bin/python3.10 (found version "3.10.6") found components: Interpreter 
[7.307s] -- Found rclcpp: 16.0.1 (/opt/ros/humble/share/rclcpp/cmake)
[7.308s] -- Found rosidl_generator_c: 3.1.3 (/opt/ros/humble/share/rosidl_generator_c/cmake)
[7.308s] -- Found rosidl_adapter: 3.1.3 (/opt/ros/humble/share/rosidl_adapter/cmake)
[7.308s] -- Found rosidl_generator_cpp: 3.1.3 (/opt/ros/humble/share/rosidl_generator_cpp/cmake)
[7.309s] -- Using all available rosidl_typesupport_c: rosidl_typesupport_fastrtps_c;rosidl_typesupport_introspection_c
[7.309s] -- Using all available rosidl_typesupport_cpp: rosidl_typesupport_fastrtps_cpp;rosidl_typesupport_introspection_cpp
[7.309s] -- Found rmw_implementation_cmake: 6.1.0 (/opt/ros/humble/share/rmw_implementation_cmake/cmake)
[7.310s] -- Found rmw_fastrtps_cpp: 6.2.1 (/opt/ros/humble/share/rmw_fastrtps_cpp/cmake)
[7.310s] -- Found OpenSSL: /usr/lib/x86_64-linux-gnu/libcrypto.so (found version "3.0.2")  
[7.310s] -- Found FastRTPS: /opt/ros/humble/include  
[7.311s] -- Using RMW implementation 'rmw_fastrtps_cpp' as default
[7.311s] -- Found rclcpp_action: 16.0.1 (/opt/ros/humble/share/rclcpp_action/cmake)
[7.311s] -- Found base_interfaces_demo: 0.0.0 (/home/zzw/ws01_plumbing/install/base_interfaces_demo/share/base_interfaces_demo/cmake)
[7.311s] -- Found ament_lint_auto: 0.12.4 (/opt/ros/humble/share/ament_lint_auto/cmake)
[7.312s] -- Added test 'cppcheck' to perform static code analysis on C / C++ code
[7.312s] -- Configured cppcheck include dirs: $<BUILD_INTERFACE:/home/zzw/ws01_plumbing/src/cpp03_action/include>
[7.312s] -- Configured cppcheck exclude dirs and/or files: 
[7.312s] -- Added test 'lint_cmake' to check CMake code style
[7.312s] -- Added test 'uncrustify' to check C / C++ code style
[7.313s] -- Configured uncrustify additional arguments: 
[7.313s] -- Added test 'xmllint' to check XML markup files
[7.313s] -- Configuring done
[7.313s] -- Generating done
[7.313s] -- Build files have been written to: /home/zzw/ws01_plumbing/build/cpp03_action
[7.329s] Invoked command in '/home/zzw/ws01_plumbing/build/cpp03_action' returned '0': AMENT_PREFIX_PATH=/home/zzw/ws01_plumbing/install/base_interfaces_demo:${AMENT_PREFIX_PATH} CMAKE_PREFIX_PATH=/home/zzw/ws01_plumbing/install/base_interfaces_demo:/opt/ros/humble LD_LIBRARY_PATH=/home/zzw/ws01_plumbing/install/base_interfaces_demo/lib:${LD_LIBRARY_PATH} PYTHONPATH=/home/zzw/ws01_plumbing/install/base_interfaces_demo/local/lib/python3.10/dist-packages:${PYTHONPATH} /usr/bin/cmake /home/zzw/ws01_plumbing/src/cpp03_action -DCMAKE_INSTALL_PREFIX=/home/zzw/ws01_plumbing/install/cpp03_action
[7.334s] Invoking command in '/home/zzw/ws01_plumbing/build/cpp03_action': AMENT_PREFIX_PATH=/home/zzw/ws01_plumbing/install/base_interfaces_demo:${AMENT_PREFIX_PATH} CMAKE_PREFIX_PATH=/home/zzw/ws01_plumbing/install/base_interfaces_demo:/opt/ros/humble LD_LIBRARY_PATH=/home/zzw/ws01_plumbing/install/base_interfaces_demo/lib:${LD_LIBRARY_PATH} PYTHONPATH=/home/zzw/ws01_plumbing/install/base_interfaces_demo/local/lib/python3.10/dist-packages:${PYTHONPATH} /usr/bin/cmake --build /home/zzw/ws01_plumbing/build/cpp03_action -- -j8 -l8
[7.468s] [ 25%] [32mBuilding CXX object CMakeFiles/demo02_action_client.dir/src/demo02_action_client.cpp.o[0m
[7.502s] [ 50%] [32mBuilding CXX object CMakeFiles/demo01_action_server.dir/src/demo01_action_server.cpp.o[0m
[137.748s] [01m[Kc++:[m[K [01;31m[Kfatal error: [m[KKilled signal terminated program cc1plus
[137.806s] compilation terminated.
[137.806s] gmake[2]: *** [CMakeFiles/demo02_action_client.dir/build.make:76: CMakeFiles/demo02_action_client.dir/src/demo02_action_client.cpp.o] Error 1
[137.828s] gmake[1]: *** [CMakeFiles/Makefile2:165: CMakeFiles/demo02_action_client.dir/all] Error 2
[137.830s] gmake[1]: *** Waiting for unfinished jobs....
[278.101s] [01m[Kc++:[m[K [01;31m[Kfatal error: [m[KKilled signal terminated program cc1plus
[278.165s] compilation terminated.
[278.207s] gmake[2]: *** [CMakeFiles/demo01_action_server.dir/build.make:76: CMakeFiles/demo01_action_server.dir/src/demo01_action_server.cpp.o] Error 1
[278.386s] gmake[1]: *** [CMakeFiles/Makefile2:139: CMakeFiles/demo01_action_server.dir/all] Error 2
[278.440s] gmake: *** [Makefile:146: all] Error 2
[280.323s] Invoked command in '/home/zzw/ws01_plumbing/build/cpp03_action' returned '2': AMENT_PREFIX_PATH=/home/zzw/ws01_plumbing/install/base_interfaces_demo:${AMENT_PREFIX_PATH} CMAKE_PREFIX_PATH=/home/zzw/ws01_plumbing/install/base_interfaces_demo:/opt/ros/humble LD_LIBRARY_PATH=/home/zzw/ws01_plumbing/install/base_interfaces_demo/lib:${LD_LIBRARY_PATH} PYTHONPATH=/home/zzw/ws01_plumbing/install/base_interfaces_demo/local/lib/python3.10/dist-packages:${PYTHONPATH} /usr/bin/cmake --build /home/zzw/ws01_plumbing/build/cpp03_action -- -j8 -l8
