[0.145s] Invoking command in '/home/zzw/ws01_plumbing/build/cpp02_service': AMENT_PREFIX_PATH=/home/zzw/ws01_plumbing/install/base_interfaces_demo:${AMENT_PREFIX_PATH} CMAKE_PREFIX_PATH=/home/zzw/ws01_plumbing/install/base_interfaces_demo:/opt/ros/humble LD_LIBRARY_PATH=/home/zzw/ws01_plumbing/install/base_interfaces_demo/lib:${LD_LIBRARY_PATH} PYTHONPATH=/home/zzw/ws01_plumbing/install/base_interfaces_demo/local/lib/python3.10/dist-packages:${PYTHONPATH} /usr/bin/cmake /home/zzw/ws01_plumbing/src/cpp02_service -DCMAKE_INSTALL_PREFIX=/home/zzw/ws01_plumbing/install/cpp02_service
[7.300s] -- The C compiler identification is GNU 11.3.0
[7.300s] -- The CXX compiler identification is GNU 11.3.0
[7.300s] -- Detecting C compiler ABI info
[7.301s] -- Detecting C compiler ABI info - done
[7.301s] -- Check for working C compiler: /usr/bin/cc - skipped
[7.301s] -- Detecting C compile features
[7.302s] -- Detecting C compile features - done
[7.302s] -- Detecting CXX compiler ABI info
[7.302s] -- Detecting CXX compiler ABI info - done
[7.303s] -- Check for working CXX compiler: /usr/bin/c++ - skipped
[7.303s] -- Detecting CXX compile features
[7.303s] -- Detecting CXX compile features - done
[7.304s] -- Found ament_cmake: 1.3.2 (/opt/ros/humble/share/ament_cmake/cmake)
[7.304s] -- Found Python3: /usr/bin/python3.10 (found version "3.10.6") found components: Interpreter 
[7.304s] -- Found rclcpp: 16.0.1 (/opt/ros/humble/share/rclcpp/cmake)
[7.304s] -- Found rosidl_generator_c: 3.1.3 (/opt/ros/humble/share/rosidl_generator_c/cmake)
[7.305s] -- Found rosidl_adapter: 3.1.3 (/opt/ros/humble/share/rosidl_adapter/cmake)
[7.305s] -- Found rosidl_generator_cpp: 3.1.3 (/opt/ros/humble/share/rosidl_generator_cpp/cmake)
[7.305s] -- Using all available rosidl_typesupport_c: rosidl_typesupport_fastrtps_c;rosidl_typesupport_introspection_c
[7.305s] -- Using all available rosidl_typesupport_cpp: rosidl_typesupport_fastrtps_cpp;rosidl_typesupport_introspection_cpp
[7.305s] -- Found rmw_implementation_cmake: 6.1.0 (/opt/ros/humble/share/rmw_implementation_cmake/cmake)
[7.305s] -- Found rmw_fastrtps_cpp: 6.2.1 (/opt/ros/humble/share/rmw_fastrtps_cpp/cmake)
[7.305s] -- Found OpenSSL: /usr/lib/x86_64-linux-gnu/libcrypto.so (found version "3.0.2")  
[7.306s] -- Found FastRTPS: /opt/ros/humble/include  
[7.306s] -- Using RMW implementation 'rmw_fastrtps_cpp' as default
[7.306s] -- Found base_interfaces_demo: 0.0.0 (/home/zzw/ws01_plumbing/install/base_interfaces_demo/share/base_interfaces_demo/cmake)
[7.306s] -- Found ament_lint_auto: 0.12.4 (/opt/ros/humble/share/ament_lint_auto/cmake)
[7.307s] -- Added test 'cppcheck' to perform static code analysis on C / C++ code
[7.307s] -- Configured cppcheck include dirs: $<BUILD_INTERFACE:/home/zzw/ws01_plumbing/src/cpp02_service/include>
[7.307s] -- Configured cppcheck exclude dirs and/or files: 
[7.307s] -- Added test 'lint_cmake' to check CMake code style
[7.307s] -- Added test 'uncrustify' to check C / C++ code style
[7.307s] -- Configured uncrustify additional arguments: 
[7.308s] -- Added test 'xmllint' to check XML markup files
[7.310s] -- Configuring done
[7.310s] -- Generating done
[7.310s] -- Build files have been written to: /home/zzw/ws01_plumbing/build/cpp02_service
[7.327s] Invoked command in '/home/zzw/ws01_plumbing/build/cpp02_service' returned '0': AMENT_PREFIX_PATH=/home/zzw/ws01_plumbing/install/base_interfaces_demo:${AMENT_PREFIX_PATH} CMAKE_PREFIX_PATH=/home/zzw/ws01_plumbing/install/base_interfaces_demo:/opt/ros/humble LD_LIBRARY_PATH=/home/zzw/ws01_plumbing/install/base_interfaces_demo/lib:${LD_LIBRARY_PATH} PYTHONPATH=/home/zzw/ws01_plumbing/install/base_interfaces_demo/local/lib/python3.10/dist-packages:${PYTHONPATH} /usr/bin/cmake /home/zzw/ws01_plumbing/src/cpp02_service -DCMAKE_INSTALL_PREFIX=/home/zzw/ws01_plumbing/install/cpp02_service
[7.327s] Invoking command in '/home/zzw/ws01_plumbing/build/cpp02_service': AMENT_PREFIX_PATH=/home/zzw/ws01_plumbing/install/base_interfaces_demo:${AMENT_PREFIX_PATH} CMAKE_PREFIX_PATH=/home/zzw/ws01_plumbing/install/base_interfaces_demo:/opt/ros/humble LD_LIBRARY_PATH=/home/zzw/ws01_plumbing/install/base_interfaces_demo/lib:${LD_LIBRARY_PATH} PYTHONPATH=/home/zzw/ws01_plumbing/install/base_interfaces_demo/local/lib/python3.10/dist-packages:${PYTHONPATH} /usr/bin/cmake --build /home/zzw/ws01_plumbing/build/cpp02_service -- -j8 -l8
[7.449s] [ 25%] [32mBuilding CXX object CMakeFiles/demo01_server.dir/src/demo01_server.cpp.o[0m
[7.464s] [ 50%] [32mBuilding CXX object CMakeFiles/demo02_client.dir/src/demo02_client.cpp.o[0m
[60.490s] [01m[Kc++:[m[K [01;31m[Kfatal error: [m[KKilled signal terminated program cc1plus
[60.552s] compilation terminated.
[60.619s] gmake[2]: *** [CMakeFiles/demo01_server.dir/build.make:76: CMakeFiles/demo01_server.dir/src/demo01_server.cpp.o] Error 1
[60.753s] gmake[1]: *** [CMakeFiles/Makefile2:139: CMakeFiles/demo01_server.dir/all] Error 2
[60.754s] gmake[1]: *** Waiting for unfinished jobs....
[293.125s] [ 75%] [32m[1mLinking CXX executable demo02_client[0m
[295.902s] [ 75%] Built target demo02_client
[295.980s] gmake: *** [Makefile:146: all] Error 2
